CRITICAL - 2025-10-02 13:34:42 --> TypeError: array_merge(): Argument #2 must be of type array, string given
[Method: GET, Route: /]
in SYSTEMPATH\Database\BaseConnection.php on line 371.
 1 SYSTEMPATH\Database\BaseConnection.php(371): array_merge([...], 'datetime')
 2 SYSTEMPATH\Database\Database.php(143): CodeIgniter\Database\BaseConnection->__construct([...])
 3 SYSTEMPATH\Database\Database.php(61): CodeIgniter\Database\Database->initDriver('MySQLi', 'Connection', [...])
 4 SYSTEMPATH\Database\Config.php(82): CodeIgniter\Database\Database->load([...], 'default')
 5 APPPATH\Controllers\Auth.php(16): CodeIgniter\Database\Config::connect()
 6 SYSTEMPATH\CodeIgniter.php(903): App\Controllers\Auth->__construct()
 7 SYSTEMPATH\CodeIgniter.php(498): CodeIgniter\CodeIgniter->createController()
 8 SYSTEMPATH\CodeIgniter.php(354): CodeIgniter\CodeIgniter->handleRequest(null, Object(Config\Cache), false)
 9 SYSTEMPATH\Boot.php(363): CodeIgniter\CodeIgniter->run()
10 SYSTEMPATH\Boot.php(68): CodeIgniter\Boot::runCodeIgniter(Object(CodeIgniter\CodeIgniter))
11 FCPATH\index.php(31): CodeIgniter\Boot::bootWeb(Object(Config\Paths))
CRITICAL - 2025-10-02 13:35:11 --> TypeError: array_merge(): Argument #2 must be of type array, string given
[Method: GET, Route: /]
in SYSTEMPATH\Database\BaseConnection.php on line 371.
 1 SYSTEMPATH\Database\BaseConnection.php(371): array_merge([...], 'datetime')
 2 SYSTEMPATH\Database\Database.php(143): CodeIgniter\Database\BaseConnection->__construct([...])
 3 SYSTEMPATH\Database\Database.php(61): CodeIgniter\Database\Database->initDriver('MySQLi', 'Connection', [...])
 4 SYSTEMPATH\Database\Config.php(82): CodeIgniter\Database\Database->load([...], 'default')
 5 APPPATH\Controllers\Auth.php(16): CodeIgniter\Database\Config::connect()
 6 SYSTEMPATH\CodeIgniter.php(903): App\Controllers\Auth->__construct()
 7 SYSTEMPATH\CodeIgniter.php(498): CodeIgniter\CodeIgniter->createController()
 8 SYSTEMPATH\CodeIgniter.php(354): CodeIgniter\CodeIgniter->handleRequest(null, Object(Config\Cache), false)
 9 SYSTEMPATH\Boot.php(363): CodeIgniter\CodeIgniter->run()
10 SYSTEMPATH\Boot.php(68): CodeIgniter\Boot::runCodeIgniter(Object(CodeIgniter\CodeIgniter))
11 FCPATH\index.php(31): CodeIgniter\Boot::bootWeb(Object(Config\Paths))
CRITICAL - 2025-10-02 13:35:38 --> TypeError: array_merge(): Argument #2 must be of type array, string given
[Method: GET, Route: /]
in SYSTEMPATH\Database\BaseConnection.php on line 371.
 1 SYSTEMPATH\Database\BaseConnection.php(371): array_merge([...], 'datetime')
 2 SYSTEMPATH\Database\Database.php(143): CodeIgniter\Database\BaseConnection->__construct([...])
 3 SYSTEMPATH\Database\Database.php(61): CodeIgniter\Database\Database->initDriver('MySQLi', 'Connection', [...])
 4 SYSTEMPATH\Database\Config.php(82): CodeIgniter\Database\Database->load([...], 'default')
 5 APPPATH\Controllers\Auth.php(16): CodeIgniter\Database\Config::connect()
 6 SYSTEMPATH\CodeIgniter.php(903): App\Controllers\Auth->__construct()
 7 SYSTEMPATH\CodeIgniter.php(498): CodeIgniter\CodeIgniter->createController()
 8 SYSTEMPATH\CodeIgniter.php(354): CodeIgniter\CodeIgniter->handleRequest(null, Object(Config\Cache), false)
 9 SYSTEMPATH\Boot.php(363): CodeIgniter\CodeIgniter->run()
10 SYSTEMPATH\Boot.php(68): CodeIgniter\Boot::runCodeIgniter(Object(CodeIgniter\CodeIgniter))
11 FCPATH\index.php(31): CodeIgniter\Boot::bootWeb(Object(Config\Paths))
CRITICAL - 2025-10-02 13:37:03 --> TypeError: array_merge(): Argument #2 must be of type array, string given
[Method: GET, Route: /]
in SYSTEMPATH\Database\BaseConnection.php on line 371.
 1 SYSTEMPATH\Database\BaseConnection.php(371): array_merge([...], 'datetime')
 2 SYSTEMPATH\Database\Database.php(143): CodeIgniter\Database\BaseConnection->__construct([...])
 3 SYSTEMPATH\Database\Database.php(61): CodeIgniter\Database\Database->initDriver('MySQLi', 'Connection', [...])
 4 SYSTEMPATH\Database\Config.php(82): CodeIgniter\Database\Database->load([...], 'default')
 5 APPPATH\Controllers\Auth.php(16): CodeIgniter\Database\Config::connect()
 6 SYSTEMPATH\CodeIgniter.php(903): App\Controllers\Auth->__construct()
 7 SYSTEMPATH\CodeIgniter.php(498): CodeIgniter\CodeIgniter->createController()
 8 SYSTEMPATH\CodeIgniter.php(354): CodeIgniter\CodeIgniter->handleRequest(null, Object(Config\Cache), false)
 9 SYSTEMPATH\Boot.php(363): CodeIgniter\CodeIgniter->run()
10 SYSTEMPATH\Boot.php(68): CodeIgniter\Boot::runCodeIgniter(Object(CodeIgniter\CodeIgniter))
11 FCPATH\index.php(31): CodeIgniter\Boot::bootWeb(Object(Config\Paths))
CRITICAL - 2025-10-02 13:42:03 --> TypeError: array_merge(): Argument #2 must be of type array, string given
[Method: GET, Route: /]
in SYSTEMPATH\Database\BaseConnection.php on line 371.
 1 SYSTEMPATH\Database\BaseConnection.php(371): array_merge([...], 'datetime')
 2 SYSTEMPATH\Database\Database.php(143): CodeIgniter\Database\BaseConnection->__construct([...])
 3 SYSTEMPATH\Database\Database.php(61): CodeIgniter\Database\Database->initDriver('MySQLi', 'Connection', [...])
 4 SYSTEMPATH\Database\Config.php(82): CodeIgniter\Database\Database->load([...], 'default')
 5 APPPATH\Controllers\Auth.php(16): CodeIgniter\Database\Config::connect()
 6 SYSTEMPATH\CodeIgniter.php(903): App\Controllers\Auth->__construct()
 7 SYSTEMPATH\CodeIgniter.php(498): CodeIgniter\CodeIgniter->createController()
 8 SYSTEMPATH\CodeIgniter.php(354): CodeIgniter\CodeIgniter->handleRequest(null, Object(Config\Cache), false)
 9 SYSTEMPATH\Boot.php(363): CodeIgniter\CodeIgniter->run()
10 SYSTEMPATH\Boot.php(68): CodeIgniter\Boot::runCodeIgniter(Object(CodeIgniter\CodeIgniter))
11 FCPATH\index.php(31): CodeIgniter\Boot::bootWeb(Object(Config\Paths))
CRITICAL - 2025-10-02 13:43:08 --> TypeError: array_merge(): Argument #2 must be of type array, string given
[Method: GET, Route: /]
in SYSTEMPATH\Database\BaseConnection.php on line 371.
 1 SYSTEMPATH\Database\BaseConnection.php(371): array_merge([...], 'datetime')
 2 SYSTEMPATH\Database\Database.php(143): CodeIgniter\Database\BaseConnection->__construct([...])
 3 SYSTEMPATH\Database\Database.php(61): CodeIgniter\Database\Database->initDriver('MySQLi', 'Connection', [...])
 4 SYSTEMPATH\Database\Config.php(82): CodeIgniter\Database\Database->load([...], 'default')
 5 APPPATH\Controllers\Auth.php(16): CodeIgniter\Database\Config::connect()
 6 SYSTEMPATH\CodeIgniter.php(903): App\Controllers\Auth->__construct()
 7 SYSTEMPATH\CodeIgniter.php(498): CodeIgniter\CodeIgniter->createController()
 8 SYSTEMPATH\CodeIgniter.php(354): CodeIgniter\CodeIgniter->handleRequest(null, Object(Config\Cache), false)
 9 SYSTEMPATH\Boot.php(363): CodeIgniter\CodeIgniter->run()
10 SYSTEMPATH\Boot.php(68): CodeIgniter\Boot::runCodeIgniter(Object(CodeIgniter\CodeIgniter))
11 FCPATH\index.php(31): CodeIgniter\Boot::bootWeb(Object(Config\Paths))
CRITICAL - 2025-10-02 13:44:15 --> TypeError: array_merge(): Argument #2 must be of type array, string given
[Method: GET, Route: /]
in SYSTEMPATH\Database\BaseConnection.php on line 371.
 1 SYSTEMPATH\Database\BaseConnection.php(371): array_merge([...], 'datetime')
 2 SYSTEMPATH\Database\Database.php(143): CodeIgniter\Database\BaseConnection->__construct([...])
 3 SYSTEMPATH\Database\Database.php(61): CodeIgniter\Database\Database->initDriver('MySQLi', 'Connection', [...])
 4 SYSTEMPATH\Database\Config.php(82): CodeIgniter\Database\Database->load([...], 'default')
 5 APPPATH\Controllers\Auth.php(16): CodeIgniter\Database\Config::connect()
 6 SYSTEMPATH\CodeIgniter.php(903): App\Controllers\Auth->__construct()
 7 SYSTEMPATH\CodeIgniter.php(498): CodeIgniter\CodeIgniter->createController()
 8 SYSTEMPATH\CodeIgniter.php(354): CodeIgniter\CodeIgniter->handleRequest(null, Object(Config\Cache), false)
 9 SYSTEMPATH\Boot.php(363): CodeIgniter\CodeIgniter->run()
10 SYSTEMPATH\Boot.php(68): CodeIgniter\Boot::runCodeIgniter(Object(CodeIgniter\CodeIgniter))
11 FCPATH\index.php(31): CodeIgniter\Boot::bootWeb(Object(Config\Paths))
CRITICAL - 2025-10-02 13:51:56 --> TypeError: array_merge(): Argument #2 must be of type array, string given
[Method: GET, Route: /]
in SYSTEMPATH\Database\BaseConnection.php on line 371.
 1 SYSTEMPATH\Database\BaseConnection.php(371): array_merge([...], 'datetime')
 2 SYSTEMPATH\Database\Database.php(143): CodeIgniter\Database\BaseConnection->__construct([...])
 3 SYSTEMPATH\Database\Database.php(61): CodeIgniter\Database\Database->initDriver('MySQLi', 'Connection', [...])
 4 SYSTEMPATH\Database\Config.php(82): CodeIgniter\Database\Database->load([...], 'default')
 5 APPPATH\Controllers\Auth.php(16): CodeIgniter\Database\Config::connect()
 6 SYSTEMPATH\CodeIgniter.php(903): App\Controllers\Auth->__construct()
 7 SYSTEMPATH\CodeIgniter.php(498): CodeIgniter\CodeIgniter->createController()
 8 SYSTEMPATH\CodeIgniter.php(354): CodeIgniter\CodeIgniter->handleRequest(null, Object(Config\Cache), false)
 9 SYSTEMPATH\Boot.php(363): CodeIgniter\CodeIgniter->run()
10 SYSTEMPATH\Boot.php(68): CodeIgniter\Boot::runCodeIgniter(Object(CodeIgniter\CodeIgniter))
11 FCPATH\index.php(31): CodeIgniter\Boot::bootWeb(Object(Config\Paths))
CRITICAL - 2025-10-02 13:59:32 --> TypeError: array_merge(): Argument #2 must be of type array, string given
[Method: GET, Route: /]
in SYSTEMPATH\Database\BaseConnection.php on line 371.
 1 SYSTEMPATH\Database\BaseConnection.php(371): array_merge([...], 'datetime')
 2 SYSTEMPATH\Database\Database.php(143): CodeIgniter\Database\BaseConnection->__construct([...])
 3 SYSTEMPATH\Database\Database.php(61): CodeIgniter\Database\Database->initDriver('MySQLi', 'Connection', [...])
 4 SYSTEMPATH\Database\Config.php(82): CodeIgniter\Database\Database->load([...], 'default')
 5 APPPATH\Controllers\Auth.php(16): CodeIgniter\Database\Config::connect()
 6 SYSTEMPATH\CodeIgniter.php(903): App\Controllers\Auth->__construct()
 7 SYSTEMPATH\CodeIgniter.php(498): CodeIgniter\CodeIgniter->createController()
 8 SYSTEMPATH\CodeIgniter.php(354): CodeIgniter\CodeIgniter->handleRequest(null, Object(Config\Cache), false)
 9 SYSTEMPATH\Boot.php(363): CodeIgniter\CodeIgniter->run()
10 SYSTEMPATH\Boot.php(68): CodeIgniter\Boot::runCodeIgniter(Object(CodeIgniter\CodeIgniter))
11 FCPATH\index.php(31): CodeIgniter\Boot::bootWeb(Object(Config\Paths))
